<?xml version="1.0" encoding="utf-8"?><testsuites name="pytest tests"><testsuite name="pytest" errors="0" failures="0" skipped="0" tests="8" time="1.417" timestamp="2026-06-23T11:21:32.299094+00:00" hostname="agent-env-9944d0bf-1a87-41b3-8998-c4caa33bb6bf"><testcase classname="backend.tests.test_api.TestHealth" name="test_health_ok" time="0.278" /><testcase classname="backend.tests.test_api.TestEventRegistration" name="test_register_valid" time="0.518" /><testcase classname="backend.tests.test_api.TestEventRegistration" name="test_register_missing_required" time="0.086" /><testcase classname="backend.tests.test_api.TestEventRegistration" name="test_register_invalid_phone_letters" time="0.095" /><testcase classname="backend.tests.test_api.TestEventRegistration" name="test_list_registrations" time="0.103" /><testcase classname="backend.tests.test_api.TestEventRegistration" name="test_list_registrations_filter" time="0.092" /><testcase classname="backend.tests.test_api.TestContact" name="test_contact_valid" time="0.065" /><testcase classname="backend.tests.test_api.TestContact" name="test_contact_invalid_email" time="0.081" /></testsuite></testsuites>